This file contains any messages produced by compilers while
running configure, to aid debugging if configure makes a mistake.

It was created by Ann configure 1.0, which was
generated by GNU Autoconf 2.71.  Invocation command line was

  $ ./configure --enable-lab=3

## --------- ##
## Platform. ##
## --------- ##

hostname = sohiab-thinkbook
uname -m = x86_64
uname -r = 6.2.0-37-generic
uname -s = Linux
uname -v = #38~22.04.1-Ubuntu SMP PREEMPT_DYNAMIC Thu Nov  2 18:01:13 UTC 2

/usr/bin/uname -p = x86_64
/bin/uname -X     = unknown

/bin/arch              = x86_64
/usr/bin/arch -k       = unknown
/usr/convex/getsysinfo = unknown
/usr/bin/hostinfo      = unknown
/bin/machine           = unknown
/usr/bin/oslevel       = unknown
/bin/universe          = unknown

PATH: /home/sohiab/.local/bin/
PATH: /usr/local/sbin/
PATH: /usr/local/bin/
PATH: /usr/sbin/
PATH: /usr/bin/
PATH: /sbin/
PATH: /bin/
PATH: /usr/games/
PATH: /usr/local/games/
PATH: /snap/bin/
PATH: /snap/bin/
PATH: /home/sohiab/.dotnet/tools/
PATH: /home/sohiab/.dotnet/
PATH: /home/sohiab/.dotnet/


## ----------- ##
## Core tests. ##
## ----------- ##

configure:2119: looking for aux files: compile missing install-sh
configure:2132:  trying ./
configure:2161:   ./compile found
configure:2161:   ./missing found
configure:2143:   ./install-sh found
configure:2290: checking for a BSD-compatible install
configure:2363: result: /usr/bin/install -c
configure:2374: checking whether build environment is sane
configure:2429: result: yes
configure:2588: checking for a race-free mkdir -p
configure:2632: result: /usr/bin/mkdir -p
configure:2639: checking for gawk
configure:2660: found /usr/bin/gawk
configure:2671: result: gawk
configure:2682: checking whether make sets $(MAKE)
configure:2705: result: yes
configure:2735: checking whether make supports nested variables
configure:2753: result: yes
configure:2944: checking for objcopy
configure:2965: found /usr/bin/objcopy
configure:2976: result: objcopy
configure:3002: checking for gdb
configure:3023: found /usr/bin/gdb
configure:3034: result: gdb
configure:3050: checking for perl
configure:3071: found /usr/bin/perl
configure:3082: result: perl
configure:3098: checking for qemu-system-x86_64
configure:3119: found /usr/bin/qemu-system-x86_64
configure:3130: result: qemu-system-x86_64
configure:3156: checking whether make supports the include directive
configure:3171: make -f confmf.GNU && cat confinc.out
make[1]: Entering directory '/home/sohiab/Desktop/ПроектированиеОС/LabsOS/annos_labs/src'
make[1]: Leaving directory '/home/sohiab/Desktop/ПроектированиеОС/LabsOS/annos_labs/src'
this is the am__doit target
configure:3174: $? = 0
configure:3193: result: yes (GNU style)
configure:3269: checking for gcc
configure:3290: found /usr/bin/gcc
configure:3301: result: gcc
configure:3654: checking for C compiler version
configure:3663: gcc --version >&5
gcc (Ubuntu 11.4.0-1ubuntu1~22.04) 11.4.0
Copyright (C) 2021 Free Software Foundation, Inc.
This is free software; see the source for copying conditions.  There is NO
warranty; not even for MERCHANTABILITY or FITNESS FOR A PARTICULAR PURPOSE.

configure:3674: $? = 0
configure:3663: gcc -v >&5
Using built-in specs.
COLLECT_GCC=gcc
COLLECT_LTO_WRAPPER=/usr/lib/gcc/x86_64-linux-gnu/11/lto-wrapper
OFFLOAD_TARGET_NAMES=nvptx-none:amdgcn-amdhsa
OFFLOAD_TARGET_DEFAULT=1
Target: x86_64-linux-gnu
Configured with: ../src/configure -v --with-pkgversion='Ubuntu 11.4.0-1ubuntu1~22.04' --with-bugurl=file:///usr/share/doc/gcc-11/README.Bugs --enable-languages=c,ada,c++,go,brig,d,fortran,objc,obj-c++,m2 --prefix=/usr --with-gcc-major-version-only --program-suffix=-11 --program-prefix=x86_64-linux-gnu- --enable-shared --enable-linker-build-id --libexecdir=/usr/lib --without-included-gettext --enable-threads=posix --libdir=/usr/lib --enable-nls --enable-bootstrap --enable-clocale=gnu --enable-libstdcxx-debug --enable-libstdcxx-time=yes --with-default-libstdcxx-abi=new --enable-gnu-unique-object --disable-vtable-verify --enable-plugin --enable-default-pie --with-system-zlib --enable-libphobos-checking=release --with-target-system-zlib=auto --enable-objc-gc=auto --enable-multiarch --disable-werror --enable-cet --with-arch-32=i686 --with-abi=m64 --with-multilib-list=m32,m64,mx32 --enable-multilib --with-tune=generic --enable-offload-targets=nvptx-none=/build/gcc-11-XeT9lY/gcc-11-11.4.0/debian/tmp-nvptx/usr,amdgcn-amdhsa=/build/gcc-11-XeT9lY/gcc-11-11.4.0/debian/tmp-gcn/usr --without-cuda-driver --enable-checking=release --build=x86_64-linux-gnu --host=x86_64-linux-gnu --target=x86_64-linux-gnu --with-build-config=bootstrap-lto-lean --enable-link-serialization=2
Thread model: posix
Supported LTO compression algorithms: zlib zstd
gcc version 11.4.0 (Ubuntu 11.4.0-1ubuntu1~22.04) 
... rest of stderr output deleted ...
configure:3674: $? = 0
configure:3663: gcc -V >&5
gcc: error: unrecognized command-line option '-V'
gcc: fatal error: no input files
compilation terminated.
configure:3674: $? = 1
configure:3663: gcc -qversion >&5
gcc: error: unrecognized command-line option '-qversion'; did you mean '--version'?
gcc: fatal error: no input files
compilation terminated.
configure:3674: $? = 1
configure:3663: gcc -version >&5
gcc: error: unrecognized command-line option '-version'
gcc: fatal error: no input files
compilation terminated.
configure:3674: $? = 1
configure:3694: checking whether the C compiler works
configure:3716: gcc    conftest.c  >&5
configure:3720: $? = 0
configure:3770: result: yes
configure:3773: checking for C compiler default output file name
configure:3775: result: a.out
configure:3781: checking for suffix of executables
configure:3788: gcc -o conftest    conftest.c  >&5
configure:3792: $? = 0
configure:3815: result: 
configure:3837: checking whether we are cross compiling
configure:3845: gcc -o conftest    conftest.c  >&5
configure:3849: $? = 0
configure:3856: ./conftest
configure:3860: $? = 0
configure:3875: result: no
configure:3880: checking for suffix of object files
configure:3903: gcc -c   conftest.c >&5
configure:3907: $? = 0
configure:3929: result: o
configure:3933: checking whether the compiler supports GNU C
configure:3953: gcc -c   conftest.c >&5
configure:3953: $? = 0
configure:3963: result: yes
configure:3974: checking whether gcc accepts -g
configure:3995: gcc -c -g  conftest.c >&5
configure:3995: $? = 0
configure:4039: result: yes
configure:4059: checking for gcc option to enable C11 features
configure:4074: gcc  -c   conftest.c >&5
configure:4074: $? = 0
configure:4092: result: none needed
configure:4208: checking whether gcc understands -c and -o together
configure:4231: gcc -c conftest.c -o conftest2.o
configure:4234: $? = 0
configure:4231: gcc -c conftest.c -o conftest2.o
configure:4234: $? = 0
configure:4246: result: yes
configure:4265: checking dependency style of gcc
configure:4377: result: gcc3
configure:4401: checking dependency style of gcc
configure:4511: result: gcc3
configure:4579: checking for gcc
configure:4611: result: gcc
configure:4964: checking for C compiler version
configure:4973: gcc --version >&5
gcc (Ubuntu 11.4.0-1ubuntu1~22.04) 11.4.0
Copyright (C) 2021 Free Software Foundation, Inc.
This is free software; see the source for copying conditions.  There is NO
warranty; not even for MERCHANTABILITY or FITNESS FOR A PARTICULAR PURPOSE.

configure:4984: $? = 0
configure:4973: gcc -v >&5
Using built-in specs.
COLLECT_GCC=gcc
COLLECT_LTO_WRAPPER=/usr/lib/gcc/x86_64-linux-gnu/11/lto-wrapper
OFFLOAD_TARGET_NAMES=nvptx-none:amdgcn-amdhsa
OFFLOAD_TARGET_DEFAULT=1
Target: x86_64-linux-gnu
Configured with: ../src/configure -v --with-pkgversion='Ubuntu 11.4.0-1ubuntu1~22.04' --with-bugurl=file:///usr/share/doc/gcc-11/README.Bugs --enable-languages=c,ada,c++,go,brig,d,fortran,objc,obj-c++,m2 --prefix=/usr --with-gcc-major-version-only --program-suffix=-11 --program-prefix=x86_64-linux-gnu- --enable-shared --enable-linker-build-id --libexecdir=/usr/lib --without-included-gettext --enable-threads=posix --libdir=/usr/lib --enable-nls --enable-bootstrap --enable-clocale=gnu --enable-libstdcxx-debug --enable-libstdcxx-time=yes --with-default-libstdcxx-abi=new --enable-gnu-unique-object --disable-vtable-verify --enable-plugin --enable-default-pie --with-system-zlib --enable-libphobos-checking=release --with-target-system-zlib=auto --enable-objc-gc=auto --enable-multiarch --disable-werror --enable-cet --with-arch-32=i686 --with-abi=m64 --with-multilib-list=m32,m64,mx32 --enable-multilib --with-tune=generic --enable-offload-targets=nvptx-none=/build/gcc-11-XeT9lY/gcc-11-11.4.0/debian/tmp-nvptx/usr,amdgcn-amdhsa=/build/gcc-11-XeT9lY/gcc-11-11.4.0/debian/tmp-gcn/usr --without-cuda-driver --enable-checking=release --build=x86_64-linux-gnu --host=x86_64-linux-gnu --target=x86_64-linux-gnu --with-build-config=bootstrap-lto-lean --enable-link-serialization=2
Thread model: posix
Supported LTO compression algorithms: zlib zstd
gcc version 11.4.0 (Ubuntu 11.4.0-1ubuntu1~22.04) 
... rest of stderr output deleted ...
configure:4984: $? = 0
configure:4973: gcc -V >&5
gcc: error: unrecognized command-line option '-V'
gcc: fatal error: no input files
compilation terminated.
configure:4984: $? = 1
configure:4973: gcc -qversion >&5
gcc: error: unrecognized command-line option '-qversion'; did you mean '--version'?
gcc: fatal error: no input files
compilation terminated.
configure:4984: $? = 1
configure:4973: gcc -version >&5
gcc: error: unrecognized command-line option '-version'
gcc: fatal error: no input files
compilation terminated.
configure:4984: $? = 1
configure:4988: checking whether the compiler supports GNU C
configure:5018: result: yes
configure:5029: checking whether gcc accepts -g
configure:5094: result: yes
configure:5114: checking for gcc option to enable C11 features
configure:5147: result: none needed
configure:5263: checking whether gcc understands -c and -o together
configure:5301: result: yes
configure:5320: checking dependency style of gcc
configure:5432: result: gcc3
configure:5495: checking for ranlib
configure:5516: found /usr/bin/ranlib
configure:5527: result: ranlib
configure:5726: checking that generated files are newer than configure
configure:5732: result: done
configure:5763: creating ./config.status

## ---------------------- ##
## Running config.status. ##
## ---------------------- ##

This file was extended by Ann config.status 1.0, which was
generated by GNU Autoconf 2.71.  Invocation command line was

  CONFIG_FILES    = 
  CONFIG_HEADERS  = 
  CONFIG_LINKS    = 
  CONFIG_COMMANDS = 
  $ ./config.status 

on sohiab-thinkbook

config.status:791: creating Makefile
config.status:791: creating user/Makefile
config.status:791: creating stdlib/Makefile
config.status:791: creating kernel/Makefile
config.status:791: creating kernel/lib/Makefile
config.status:791: creating kernel/boot/Makefile
config.status:791: creating kernel/loader/Makefile
config.status:963: executing depfiles commands
config.status:1040: cd user       && sed -e '/# am--include-marker/d' Makefile         | make -f - am--depfiles
make[1]: Entering directory '/home/sohiab/Desktop/ПроектированиеОС/LabsOS/annos_labs/src/user'
make[1]: Nothing to be done for 'am--depfiles'.
make[1]: Leaving directory '/home/sohiab/Desktop/ПроектированиеОС/LabsOS/annos_labs/src/user'
config.status:1045: $? = 0
config.status:1040: cd stdlib       && sed -e '/# am--include-marker/d' Makefile         | make -f - am--depfiles
make[1]: Entering directory '/home/sohiab/Desktop/ПроектированиеОС/LabsOS/annos_labs/src/stdlib'
make[1]: Nothing to be done for 'am--depfiles'.
make[1]: Leaving directory '/home/sohiab/Desktop/ПроектированиеОС/LabsOS/annos_labs/src/stdlib'
config.status:1045: $? = 0
config.status:1040: cd kernel       && sed -e '/# am--include-marker/d' Makefile         | make -f - am--depfiles
make[1]: Entering directory '/home/sohiab/Desktop/ПроектированиеОС/LabsOS/annos_labs/src/kernel'
make[1]: Nothing to be done for 'am--depfiles'.
make[1]: Leaving directory '/home/sohiab/Desktop/ПроектированиеОС/LabsOS/annos_labs/src/kernel'
config.status:1045: $? = 0
config.status:1040: cd kernel/lib       && sed -e '/# am--include-marker/d' Makefile         | make -f - am--depfiles
make[1]: Entering directory '/home/sohiab/Desktop/ПроектированиеОС/LabsOS/annos_labs/src/kernel/lib'
make[1]: Nothing to be done for 'am--depfiles'.
make[1]: Leaving directory '/home/sohiab/Desktop/ПроектированиеОС/LabsOS/annos_labs/src/kernel/lib'
config.status:1045: $? = 0
config.status:1040: cd kernel/boot       && sed -e '/# am--include-marker/d' Makefile         | make -f - am--depfiles
make[1]: Entering directory '/home/sohiab/Desktop/ПроектированиеОС/LabsOS/annos_labs/src/kernel/boot'
make[1]: Nothing to be done for 'am--depfiles'.
make[1]: Leaving directory '/home/sohiab/Desktop/ПроектированиеОС/LabsOS/annos_labs/src/kernel/boot'
config.status:1045: $? = 0
config.status:1040: cd kernel/loader       && sed -e '/# am--include-marker/d' Makefile         | make -f - am--depfiles
make[1]: Entering directory '/home/sohiab/Desktop/ПроектированиеОС/LabsOS/annos_labs/src/kernel/loader'
make[1]: Nothing to be done for 'am--depfiles'.
make[1]: Leaving directory '/home/sohiab/Desktop/ПроектированиеОС/LabsOS/annos_labs/src/kernel/loader'
config.status:1045: $? = 0

## ---------------- ##
## Cache variables. ##
## ---------------- ##

ac_cv_c_compiler_gnu=yes
ac_cv_env_CCASFLAGS_set=
ac_cv_env_CCASFLAGS_value=
ac_cv_env_CCAS_set=
ac_cv_env_CCAS_value=
ac_cv_env_CC_set=
ac_cv_env_CC_value=
ac_cv_env_CFLAGS_set=
ac_cv_env_CFLAGS_value=
ac_cv_env_CPPFLAGS_set=
ac_cv_env_CPPFLAGS_value=
ac_cv_env_LDFLAGS_set=
ac_cv_env_LDFLAGS_value=
ac_cv_env_LIBS_set=
ac_cv_env_LIBS_value=
ac_cv_env_build_alias_set=
ac_cv_env_build_alias_value=
ac_cv_env_host_alias_set=
ac_cv_env_host_alias_value=
ac_cv_env_target_alias_set=
ac_cv_env_target_alias_value=
ac_cv_objext=o
ac_cv_path_install='/usr/bin/install -c'
ac_cv_path_mkdir=/usr/bin/mkdir
ac_cv_prog_AWK=gawk
ac_cv_prog_GDB=gdb
ac_cv_prog_PERL=perl
ac_cv_prog_QEMU=qemu-system-x86_64
ac_cv_prog_ac_ct_CC=gcc
ac_cv_prog_ac_ct_OBJCOPY=objcopy
ac_cv_prog_ac_ct_RANLIB=ranlib
ac_cv_prog_cc_c11=
ac_cv_prog_cc_g=yes
ac_cv_prog_cc_stdc=
ac_cv_prog_make_make_set=yes
am_cv_CCAS_dependencies_compiler_type=gcc3
am_cv_CC_dependencies_compiler_type=gcc3
am_cv_make_support_nested_variables=yes
am_cv_prog_cc_c_o=yes

## ----------------- ##
## Output variables. ##
## ----------------- ##

ACLOCAL='${SHELL} '\''/home/sohiab/Desktop/ПроектированиеОС/LabsOS/annos_labs/src/missing'\'' aclocal-1.16'
AMDEPBACKSLASH='\'
AMDEP_FALSE='#'
AMDEP_TRUE=''
AMTAR='$${TAR-tar}'
AM_BACKSLASH='\'
AM_DEFAULT_V='$(AM_DEFAULT_VERBOSITY)'
AM_DEFAULT_VERBOSITY='1'
AM_V='$(V)'
AUTOCONF='${SHELL} '\''/home/sohiab/Desktop/ПроектированиеОС/LabsOS/annos_labs/src/missing'\'' autoconf'
AUTOHEADER='${SHELL} '\''/home/sohiab/Desktop/ПроектированиеОС/LabsOS/annos_labs/src/missing'\'' autoheader'
AUTOMAKE='${SHELL} '\''/home/sohiab/Desktop/ПроектированиеОС/LabsOS/annos_labs/src/missing'\'' automake-1.16'
AWK='gawk'
CC='gcc'
CCAS='gcc'
CCASDEPMODE='depmode=gcc3'
CCASFLAGS=''
CCDEPMODE='depmode=gcc3'
CFLAGS=''
COMMON_CFLAGS='-Wall -Wextra -Werror -std=gnu11 -ffreestanding -nostdlib -ggdb3'
COMMON_CPPFLAGS='-DLAB=3'
COMMON_LDFLAGS='-ggdb3'
CPPFLAGS=''
CSCOPE='cscope'
CTAGS='ctags'
CYGPATH_W='echo'
DEFS='-DPACKAGE_NAME=\"Ann\" -DPACKAGE_TARNAME=\"ann\" -DPACKAGE_VERSION=\"1.0\" -DPACKAGE_STRING=\"Ann\ 1.0\" -DPACKAGE_BUGREPORT=\"pereverzevva@bmstu.ru\" -DPACKAGE_URL=\"\" -DPACKAGE=\"ann\" -DVERSION=\"1.0\"'
DEPDIR='.deps'
ECHO_C=''
ECHO_N='-n'
ECHO_T=''
ETAGS='etags'
EXEEXT=''
EXTRA_CFLAGS32='-m32'
EXTRA_CFLAGS64='-m64 -mcmodel=large -mno-red-zone -mno-mmx -mno-sse -mno-sse2'
GDB='gdb'
INSTALL_DATA='${INSTALL} -m 644'
INSTALL_PROGRAM='${INSTALL}'
INSTALL_SCRIPT='${INSTALL}'
INSTALL_STRIP_PROGRAM='$(install_sh) -c -s'
KERNEL_BASE='0xFFFFFFF800000000'
LDFLAGS=''
LIBOBJS=''
LIBS=''
LTLIBOBJS=''
MAKEINFO='${SHELL} '\''/home/sohiab/Desktop/ПроектированиеОС/LabsOS/annos_labs/src/missing'\'' makeinfo'
MKDIR_P='/usr/bin/mkdir -p'
OBJCOPY='objcopy'
OBJEXT='o'
PACKAGE='ann'
PACKAGE_BUGREPORT='pereverzevva@bmstu.ru'
PACKAGE_NAME='Ann'
PACKAGE_STRING='Ann 1.0'
PACKAGE_TARNAME='ann'
PACKAGE_URL=''
PACKAGE_VERSION='1.0'
PATH_SEPARATOR=':'
PERL='perl'
QEMU='qemu-system-x86_64'
RANLIB='ranlib'
SET_MAKE=''
SHELL='/bin/bash'
STRIP=''
VERSION='1.0'
ac_ct_CC='gcc'
am__EXEEXT_FALSE=''
am__EXEEXT_TRUE='#'
am__fastdepCCAS_FALSE='#'
am__fastdepCCAS_TRUE=''
am__fastdepCC_FALSE='#'
am__fastdepCC_TRUE=''
am__include='include'
am__isrc=''
am__leading_dot='.'
am__nodep='_no'
am__quote=''
am__tar='$${TAR-tar} chof - "$$tardir"'
am__untar='$${TAR-tar} xf -'
bindir='${exec_prefix}/bin'
build_alias=''
datadir='${datarootdir}'
datarootdir='${prefix}/share'
docdir='${datarootdir}/doc/${PACKAGE_TARNAME}'
dvidir='${docdir}'
exec_prefix='${prefix}'
host_alias=''
htmldir='${docdir}'
includedir='${prefix}/include'
infodir='${datarootdir}/info'
install_sh='${SHELL} /home/sohiab/Desktop/ПроектированиеОС/LabsOS/annos_labs/src/install-sh'
libdir='${exec_prefix}/lib'
libexecdir='${exec_prefix}/libexec'
localedir='${datarootdir}/locale'
localstatedir='${prefix}/var'
mandir='${datarootdir}/man'
mkdir_p='$(MKDIR_P)'
oldincludedir='/usr/include'
pdfdir='${docdir}'
prefix='/usr/local'
program_transform_name='s,x,x,'
psdir='${docdir}'
runstatedir='${localstatedir}/run'
sbindir='${exec_prefix}/sbin'
sharedstatedir='${prefix}/com'
sysconfdir='${prefix}/etc'
target_alias=''

## ----------- ##
## confdefs.h. ##
## ----------- ##

/* confdefs.h */
#define PACKAGE_NAME "Ann"
#define PACKAGE_TARNAME "ann"
#define PACKAGE_VERSION "1.0"
#define PACKAGE_STRING "Ann 1.0"
#define PACKAGE_BUGREPORT "pereverzevva@bmstu.ru"
#define PACKAGE_URL ""
#define PACKAGE "ann"
#define VERSION "1.0"

configure: exit 0
